2016-09-05 15:16:17 [scrapy] INFO: Scrapy 1.1.2 started (bot: academia)
2016-09-05 15:16:17 [scrapy] INFO: Overridden settings: {'BOT_NAME': 'academia', 'AUTOTHROTTLE_ENABLED': True, 'LOG_FILE': 'article.log', 'COOKIES_ENABLED': False, 'NEWSPIDER_MODULE': 'academia.spiders', 'CONCURRENT_REQUESTS': 50, 'SPIDER_MODULES': ['academia.spiders'], 'LOG_LEVEL': 'INFO'}
2016-09-05 15:16:17 [scrapy] INFO: Enabled extensions:
['scrapy.extensions.logstats.LogStats',
 'scrapy.extensions.corestats.CoreStats',
 'scrapy.extensions.throttle.AutoThrottle',
 'scrapy.extensions.telnet.TelnetConsole']
2016-09-05 15:16:17 [scrapy] INFO: Enabled downloader middlewares:
['scrapy.downloadermiddlewares.httpauth.HttpAuthMiddleware',
 'scrapy.downloadermiddlewares.downloadtimeout.DownloadTimeoutMiddleware',
 'scrapy.downloadermiddlewares.retry.RetryMiddleware',
 'academia.middlewares.rotate_useragent.RotateUserAgentMiddleware',
 'scrapy.downloadermiddlewares.defaultheaders.DefaultHeadersMiddleware',
 'scrapy.downloadermiddlewares.redirect.MetaRefreshMiddleware',
 'scrapy.downloadermiddlewares.httpcompression.HttpCompressionMiddleware',
 'scrapy.downloadermiddlewares.redirect.RedirectMiddleware',
 'scrapy.downloadermiddlewares.chunked.ChunkedTransferMiddleware',
 'scrapy.downloadermiddlewares.stats.DownloaderStats']
2016-09-05 15:16:17 [scrapy] INFO: Enabled spider middlewares:
['scrapy.spidermiddlewares.httperror.HttpErrorMiddleware',
 'scrapy.spidermiddlewares.offsite.OffsiteMiddleware',
 'scrapy.spidermiddlewares.referer.RefererMiddleware',
 'scrapy.spidermiddlewares.urllength.UrlLengthMiddleware',
 'scrapy.spidermiddlewares.depth.DepthMiddleware']
2016-09-05 15:16:17 [scrapy] INFO: Enabled item pipelines:
['academia.pipelines.MongoChemistryArticlePipeline']
2016-09-05 15:16:17 [scrapy] INFO: Spider opened
2016-09-05 15:16:17 [scrapy] INFO: Crawled 0 pages (at 0 pages/min), scraped 0 items (at 0 items/min)
2016-09-05 15:17:17 [scrapy] INFO: Crawled 29 pages (at 29 pages/min), scraped 499 items (at 499 items/min)
2016-09-05 15:18:17 [scrapy] INFO: Crawled 61 pages (at 32 pages/min), scraped 1228 items (at 729 items/min)
2016-09-05 15:19:17 [scrapy] INFO: Crawled 101 pages (at 40 pages/min), scraped 1579 items (at 351 items/min)
2016-09-05 15:19:27 [scrapy] INFO: Scrapy 1.1.2 started (bot: academia)
2016-09-05 15:19:27 [scrapy] INFO: Overridden settings: {'BOT_NAME': 'academia', 'AUTOTHROTTLE_ENABLED': True, 'CONCURRENT_REQUESTS': 150, 'SPIDER_MODULES': ['academia.spiders'], 'LOG_LEVEL': 'INFO', 'LOG_FILE': 'article.log', 'NEWSPIDER_MODULE': 'academia.spiders', 'COOKIES_ENABLED': False}
2016-09-05 15:19:27 [scrapy] INFO: Enabled extensions:
['scrapy.extensions.logstats.LogStats',
 'scrapy.extensions.corestats.CoreStats',
 'scrapy.extensions.throttle.AutoThrottle',
 'scrapy.extensions.telnet.TelnetConsole']
2016-09-05 15:19:27 [scrapy] INFO: Enabled downloader middlewares:
['scrapy.downloadermiddlewares.httpauth.HttpAuthMiddleware',
 'scrapy.downloadermiddlewares.downloadtimeout.DownloadTimeoutMiddleware',
 'scrapy.downloadermiddlewares.retry.RetryMiddleware',
 'academia.middlewares.rotate_useragent.RotateUserAgentMiddleware',
 'scrapy.downloadermiddlewares.defaultheaders.DefaultHeadersMiddleware',
 'scrapy.downloadermiddlewares.redirect.MetaRefreshMiddleware',
 'scrapy.downloadermiddlewares.httpcompression.HttpCompressionMiddleware',
 'scrapy.downloadermiddlewares.redirect.RedirectMiddleware',
 'scrapy.downloadermiddlewares.chunked.ChunkedTransferMiddleware',
 'scrapy.downloadermiddlewares.stats.DownloaderStats']
2016-09-05 15:19:27 [scrapy] INFO: Enabled spider middlewares:
['scrapy.spidermiddlewares.httperror.HttpErrorMiddleware',
 'scrapy.spidermiddlewares.offsite.OffsiteMiddleware',
 'scrapy.spidermiddlewares.referer.RefererMiddleware',
 'scrapy.spidermiddlewares.urllength.UrlLengthMiddleware',
 'scrapy.spidermiddlewares.depth.DepthMiddleware']
2016-09-05 15:19:27 [scrapy] INFO: Enabled item pipelines:
['academia.pipelines.MongoChemistryArticlePipeline']
2016-09-05 15:19:27 [scrapy] INFO: Spider opened
2016-09-05 15:19:27 [scrapy] INFO: Crawled 0 pages (at 0 pages/min), scraped 0 items (at 0 items/min)
2016-09-05 15:20:27 [scrapy] INFO: Crawled 38 pages (at 38 pages/min), scraped 689 items (at 689 items/min)
2016-09-05 15:21:27 [scrapy] INFO: Crawled 79 pages (at 41 pages/min), scraped 1573 items (at 884 items/min)
2016-09-05 15:22:27 [scrapy] INFO: Crawled 119 pages (at 40 pages/min), scraped 1958 items (at 385 items/min)
2016-09-05 15:23:27 [scrapy] INFO: Crawled 152 pages (at 33 pages/min), scraped 2814 items (at 856 items/min)
2016-09-05 15:24:27 [scrapy] INFO: Crawled 181 pages (at 29 pages/min), scraped 3567 items (at 753 items/min)
2016-09-05 15:25:27 [scrapy] INFO: Crawled 212 pages (at 31 pages/min), scraped 4342 items (at 775 items/min)
2016-09-05 15:26:27 [scrapy] INFO: Crawled 241 pages (at 29 pages/min), scraped 5119 items (at 777 items/min)
2016-09-05 15:27:27 [scrapy] INFO: Crawled 270 pages (at 29 pages/min), scraped 5870 items (at 751 items/min)
2016-09-05 15:28:27 [scrapy] INFO: Crawled 300 pages (at 30 pages/min), scraped 6646 items (at 776 items/min)
2016-09-05 15:29:27 [scrapy] INFO: Crawled 330 pages (at 30 pages/min), scraped 7397 items (at 751 items/min)
2016-09-05 15:30:27 [scrapy] INFO: Crawled 359 pages (at 29 pages/min), scraped 8156 items (at 759 items/min)
2016-09-05 15:31:27 [scrapy] INFO: Crawled 388 pages (at 29 pages/min), scraped 8913 items (at 757 items/min)
2016-09-05 15:32:27 [scrapy] INFO: Crawled 417 pages (at 29 pages/min), scraped 9671 items (at 758 items/min)
2016-09-05 15:33:27 [scrapy] INFO: Crawled 445 pages (at 28 pages/min), scraped 10396 items (at 725 items/min)
2016-09-05 15:34:27 [scrapy] INFO: Crawled 472 pages (at 27 pages/min), scraped 11094 items (at 698 items/min)
2016-09-05 15:35:27 [scrapy] INFO: Crawled 500 pages (at 28 pages/min), scraped 11817 items (at 723 items/min)
2016-09-05 15:36:27 [scrapy] INFO: Crawled 529 pages (at 29 pages/min), scraped 12568 items (at 751 items/min)
2016-09-05 15:37:27 [scrapy] INFO: Crawled 559 pages (at 30 pages/min), scraped 13343 items (at 775 items/min)
2016-09-05 15:38:27 [scrapy] INFO: Crawled 587 pages (at 28 pages/min), scraped 14040 items (at 697 items/min)
2016-09-05 15:39:27 [scrapy] INFO: Crawled 613 pages (at 26 pages/min), scraped 14740 items (at 700 items/min)
2016-09-05 15:40:27 [scrapy] INFO: Crawled 640 pages (at 27 pages/min), scraped 15439 items (at 699 items/min)
2016-09-05 15:41:27 [scrapy] INFO: Crawled 667 pages (at 27 pages/min), scraped 16140 items (at 701 items/min)
2016-09-05 15:42:27 [scrapy] INFO: Crawled 694 pages (at 27 pages/min), scraped 16842 items (at 702 items/min)
2016-09-05 15:43:27 [scrapy] INFO: Crawled 720 pages (at 26 pages/min), scraped 17518 items (at 676 items/min)
2016-09-05 15:44:27 [scrapy] INFO: Crawled 748 pages (at 28 pages/min), scraped 18245 items (at 727 items/min)
2016-09-05 15:45:27 [scrapy] INFO: Crawled 777 pages (at 29 pages/min), scraped 18996 items (at 751 items/min)
2016-09-05 15:46:27 [scrapy] INFO: Crawled 806 pages (at 29 pages/min), scraped 19748 items (at 752 items/min)
2016-09-05 15:47:27 [scrapy] INFO: Crawled 835 pages (at 29 pages/min), scraped 20498 items (at 750 items/min)
2016-09-05 15:48:27 [scrapy] INFO: Crawled 863 pages (at 28 pages/min), scraped 21224 items (at 726 items/min)
2016-09-05 15:49:27 [scrapy] INFO: Crawled 890 pages (at 27 pages/min), scraped 21925 items (at 701 items/min)
2016-09-05 15:50:27 [scrapy] INFO: Crawled 917 pages (at 27 pages/min), scraped 22624 items (at 699 items/min)
2016-09-05 15:51:27 [scrapy] INFO: Crawled 943 pages (at 26 pages/min), scraped 23298 items (at 674 items/min)
2016-09-05 15:52:28 [scrapy] INFO: Crawled 970 pages (at 27 pages/min), scraped 24000 items (at 702 items/min)
2016-09-05 15:53:27 [scrapy] INFO: Crawled 996 pages (at 26 pages/min), scraped 24675 items (at 675 items/min)
2016-09-05 15:54:27 [scrapy] INFO: Crawled 1023 pages (at 27 pages/min), scraped 25374 items (at 699 items/min)
2016-09-05 15:55:27 [scrapy] INFO: Crawled 1051 pages (at 28 pages/min), scraped 26096 items (at 722 items/min)
2016-09-05 15:56:27 [scrapy] INFO: Crawled 1078 pages (at 27 pages/min), scraped 26796 items (at 700 items/min)
2016-09-05 15:57:27 [scrapy] INFO: Crawled 1106 pages (at 28 pages/min), scraped 27521 items (at 725 items/min)
2016-09-05 15:58:27 [scrapy] INFO: Crawled 1133 pages (at 27 pages/min), scraped 28219 items (at 698 items/min)
2016-09-05 15:59:27 [scrapy] INFO: Crawled 1161 pages (at 28 pages/min), scraped 28944 items (at 725 items/min)
2016-09-05 16:00:27 [scrapy] INFO: Crawled 1187 pages (at 26 pages/min), scraped 29614 items (at 670 items/min)
2016-09-05 16:01:27 [scrapy] INFO: Crawled 1215 pages (at 28 pages/min), scraped 30341 items (at 727 items/min)
2016-09-05 16:02:27 [scrapy] INFO: Crawled 1243 pages (at 28 pages/min), scraped 31065 items (at 724 items/min)
2016-09-05 16:03:27 [scrapy] INFO: Crawled 1271 pages (at 28 pages/min), scraped 31791 items (at 726 items/min)
2016-09-05 16:04:27 [scrapy] INFO: Crawled 1298 pages (at 27 pages/min), scraped 32492 items (at 701 items/min)
2016-09-05 16:05:27 [scrapy] INFO: Crawled 1325 pages (at 27 pages/min), scraped 33194 items (at 702 items/min)
2016-09-05 16:06:27 [scrapy] INFO: Crawled 1351 pages (at 26 pages/min), scraped 33869 items (at 675 items/min)
2016-09-05 16:07:27 [scrapy] INFO: Crawled 1378 pages (at 27 pages/min), scraped 34569 items (at 700 items/min)
2016-09-05 16:08:27 [scrapy] INFO: Crawled 1404 pages (at 26 pages/min), scraped 35217 items (at 648 items/min)
2016-09-05 16:09:27 [scrapy] INFO: Crawled 1429 pages (at 25 pages/min), scraped 35892 items (at 675 items/min)
2016-09-05 16:10:27 [scrapy] INFO: Crawled 1454 pages (at 25 pages/min), scraped 36542 items (at 650 items/min)
2016-09-05 16:11:27 [scrapy] INFO: Crawled 1480 pages (at 26 pages/min), scraped 37217 items (at 675 items/min)
2016-09-05 16:12:27 [scrapy] INFO: Crawled 1507 pages (at 27 pages/min), scraped 37915 items (at 698 items/min)
2016-09-05 16:13:27 [scrapy] INFO: Crawled 1535 pages (at 28 pages/min), scraped 38639 items (at 724 items/min)
2016-09-05 16:14:27 [scrapy] INFO: Crawled 1564 pages (at 29 pages/min), scraped 39392 items (at 753 items/min)
2016-09-05 16:15:27 [scrapy] INFO: Crawled 1592 pages (at 28 pages/min), scraped 40118 items (at 726 items/min)
2016-09-05 16:16:27 [scrapy] INFO: Crawled 1619 pages (at 27 pages/min), scraped 40817 items (at 699 items/min)
2016-09-05 16:17:27 [scrapy] INFO: Crawled 1645 pages (at 26 pages/min), scraped 41490 items (at 673 items/min)
2016-09-05 16:18:27 [scrapy] INFO: Crawled 1674 pages (at 29 pages/min), scraped 42241 items (at 751 items/min)
2016-09-05 16:19:27 [scrapy] INFO: Crawled 1700 pages (at 26 pages/min), scraped 42915 items (at 674 items/min)
2016-09-05 16:20:27 [scrapy] INFO: Crawled 1727 pages (at 27 pages/min), scraped 43614 items (at 699 items/min)
2016-09-05 16:21:27 [scrapy] INFO: Crawled 1756 pages (at 29 pages/min), scraped 44366 items (at 752 items/min)
2016-09-05 16:22:27 [scrapy] INFO: Crawled 1784 pages (at 28 pages/min), scraped 45073 items (at 707 items/min)
2016-09-05 16:23:27 [scrapy] INFO: Crawled 1809 pages (at 25 pages/min), scraped 45716 items (at 643 items/min)
2016-09-05 16:24:27 [scrapy] INFO: Crawled 1837 pages (at 28 pages/min), scraped 46438 items (at 722 items/min)
2016-09-05 16:25:27 [scrapy] INFO: Crawled 1865 pages (at 28 pages/min), scraped 47160 items (at 722 items/min)
2016-09-05 16:26:27 [scrapy] INFO: Crawled 1888 pages (at 23 pages/min), scraped 47751 items (at 591 items/min)
2016-09-05 16:27:27 [scrapy] INFO: Crawled 1913 pages (at 25 pages/min), scraped 48386 items (at 635 items/min)
2016-09-05 16:28:27 [scrapy] INFO: Crawled 1939 pages (at 26 pages/min), scraped 49045 items (at 659 items/min)
2016-09-05 16:29:27 [scrapy] INFO: Crawled 1967 pages (at 28 pages/min), scraped 49761 items (at 716 items/min)
2016-09-05 16:30:27 [scrapy] INFO: Crawled 1993 pages (at 26 pages/min), scraped 50437 items (at 676 items/min)
2016-09-05 16:31:27 [scrapy] INFO: Crawled 2018 pages (at 25 pages/min), scraped 51086 items (at 649 items/min)
2016-09-05 16:32:27 [scrapy] INFO: Crawled 2044 pages (at 26 pages/min), scraped 51758 items (at 672 items/min)
2016-09-05 16:33:27 [scrapy] INFO: Crawled 2071 pages (at 27 pages/min), scraped 52457 items (at 699 items/min)
2016-09-05 16:34:27 [scrapy] INFO: Crawled 2099 pages (at 28 pages/min), scraped 53143 items (at 686 items/min)
2016-09-05 16:35:27 [scrapy] INFO: Crawled 2124 pages (at 25 pages/min), scraped 53814 items (at 671 items/min)
2016-09-05 16:36:27 [scrapy] INFO: Crawled 2150 pages (at 26 pages/min), scraped 54487 items (at 673 items/min)
2016-09-05 16:37:27 [scrapy] INFO: Crawled 2174 pages (at 24 pages/min), scraped 55107 items (at 620 items/min)
2016-09-05 16:38:27 [scrapy] INFO: Crawled 2199 pages (at 25 pages/min), scraped 55756 items (at 649 items/min)
2016-09-05 16:39:27 [scrapy] INFO: Crawled 2225 pages (at 26 pages/min), scraped 56430 items (at 674 items/min)
2016-09-05 16:40:27 [scrapy] INFO: Crawled 2251 pages (at 26 pages/min), scraped 57079 items (at 649 items/min)
2016-09-05 16:41:27 [scrapy] INFO: Crawled 2277 pages (at 26 pages/min), scraped 57779 items (at 700 items/min)
2016-09-05 16:42:27 [scrapy] INFO: Crawled 2304 pages (at 27 pages/min), scraped 58479 items (at 700 items/min)
2016-09-05 16:43:27 [scrapy] INFO: Crawled 2329 pages (at 25 pages/min), scraped 59127 items (at 648 items/min)
2016-09-05 16:44:27 [scrapy] INFO: Crawled 2355 pages (at 26 pages/min), scraped 59801 items (at 674 items/min)
2016-09-05 16:45:27 [scrapy] INFO: Crawled 2382 pages (at 27 pages/min), scraped 60502 items (at 701 items/min)
2016-09-05 16:46:27 [scrapy] INFO: Crawled 2408 pages (at 26 pages/min), scraped 61177 items (at 675 items/min)
2016-09-05 16:47:27 [scrapy] INFO: Crawled 2434 pages (at 26 pages/min), scraped 61848 items (at 671 items/min)
2016-09-05 16:48:27 [scrapy] INFO: Crawled 2463 pages (at 29 pages/min), scraped 62574 items (at 726 items/min)
2016-09-05 16:49:27 [scrapy] INFO: Crawled 2490 pages (at 27 pages/min), scraped 63274 items (at 700 items/min)
2016-09-05 16:50:27 [scrapy] INFO: Crawled 2517 pages (at 27 pages/min), scraped 63999 items (at 725 items/min)
2016-09-05 16:51:27 [scrapy] INFO: Crawled 2544 pages (at 27 pages/min), scraped 64698 items (at 699 items/min)
2016-09-05 16:52:27 [scrapy] INFO: Crawled 2569 pages (at 25 pages/min), scraped 65344 items (at 646 items/min)
2016-09-05 16:53:27 [scrapy] INFO: Crawled 2597 pages (at 28 pages/min), scraped 66068 items (at 724 items/min)
2016-09-05 16:54:27 [scrapy] INFO: Crawled 2624 pages (at 27 pages/min), scraped 66770 items (at 702 items/min)
2016-09-05 16:55:28 [scrapy] INFO: Crawled 2649 pages (at 25 pages/min), scraped 67417 items (at 647 items/min)
2016-09-05 16:56:27 [scrapy] INFO: Crawled 2674 pages (at 25 pages/min), scraped 68063 items (at 646 items/min)
2016-09-05 16:57:27 [scrapy] INFO: Crawled 2700 pages (at 26 pages/min), scraped 68733 items (at 670 items/min)
2016-09-05 16:58:27 [scrapy] INFO: Crawled 2725 pages (at 25 pages/min), scraped 69381 items (at 648 items/min)
2016-09-05 16:59:27 [scrapy] INFO: Crawled 2750 pages (at 25 pages/min), scraped 70028 items (at 647 items/min)
2016-09-05 17:00:27 [scrapy] INFO: Crawled 2774 pages (at 24 pages/min), scraped 70650 items (at 622 items/min)
2016-09-05 17:01:27 [scrapy] INFO: Crawled 2799 pages (at 25 pages/min), scraped 71293 items (at 643 items/min)
2016-09-05 17:02:27 [scrapy] INFO: Crawled 2824 pages (at 25 pages/min), scraped 71938 items (at 645 items/min)
2016-09-05 17:03:27 [scrapy] INFO: Crawled 2850 pages (at 26 pages/min), scraped 72610 items (at 672 items/min)
2016-09-05 17:04:27 [scrapy] INFO: Crawled 2874 pages (at 24 pages/min), scraped 73228 items (at 618 items/min)
2016-09-05 17:05:27 [scrapy] INFO: Crawled 2898 pages (at 24 pages/min), scraped 73842 items (at 614 items/min)
2016-09-05 17:06:27 [scrapy] INFO: Crawled 2922 pages (at 24 pages/min), scraped 74464 items (at 622 items/min)
2016-09-05 17:07:27 [scrapy] INFO: Crawled 2948 pages (at 26 pages/min), scraped 75134 items (at 670 items/min)
2016-09-05 17:08:27 [scrapy] INFO: Crawled 2973 pages (at 25 pages/min), scraped 75777 items (at 643 items/min)
2016-09-05 17:09:27 [scrapy] INFO: Crawled 2999 pages (at 26 pages/min), scraped 76448 items (at 671 items/min)
2016-09-05 17:10:27 [scrapy] INFO: Crawled 3023 pages (at 24 pages/min), scraped 77068 items (at 620 items/min)
2016-09-05 17:11:27 [scrapy] INFO: Crawled 3049 pages (at 26 pages/min), scraped 77741 items (at 673 items/min)
2016-09-05 17:12:27 [scrapy] INFO: Crawled 3075 pages (at 26 pages/min), scraped 78411 items (at 670 items/min)
2016-09-05 17:13:27 [scrapy] INFO: Crawled 3100 pages (at 25 pages/min), scraped 79057 items (at 646 items/min)
2016-09-05 17:14:27 [scrapy] INFO: Crawled 3126 pages (at 26 pages/min), scraped 79727 items (at 670 items/min)
2016-09-05 17:15:27 [scrapy] INFO: Crawled 3151 pages (at 25 pages/min), scraped 80374 items (at 647 items/min)
2016-09-05 17:16:27 [scrapy] INFO: Crawled 3175 pages (at 24 pages/min), scraped 80996 items (at 622 items/min)
2016-09-05 17:17:27 [scrapy] INFO: Crawled 3201 pages (at 26 pages/min), scraped 81668 items (at 672 items/min)
2016-09-05 17:18:27 [scrapy] INFO: Crawled 3225 pages (at 24 pages/min), scraped 82288 items (at 620 items/min)
2016-09-05 17:19:27 [scrapy] INFO: Crawled 3250 pages (at 25 pages/min), scraped 82937 items (at 649 items/min)
2016-09-05 17:20:27 [scrapy] INFO: Crawled 3276 pages (at 26 pages/min), scraped 83611 items (at 674 items/min)
2016-09-05 17:21:27 [scrapy] INFO: Crawled 3302 pages (at 26 pages/min), scraped 84284 items (at 673 items/min)
2016-09-05 17:22:27 [scrapy] INFO: Crawled 3329 pages (at 27 pages/min), scraped 84981 items (at 697 items/min)
2016-09-05 17:23:27 [scrapy] INFO: Crawled 3354 pages (at 25 pages/min), scraped 85628 items (at 647 items/min)
2016-09-05 17:24:27 [scrapy] INFO: Crawled 3381 pages (at 27 pages/min), scraped 86324 items (at 696 items/min)
2016-09-05 17:25:27 [scrapy] INFO: Crawled 3405 pages (at 24 pages/min), scraped 86940 items (at 616 items/min)
2016-09-05 17:26:27 [scrapy] INFO: Crawled 3430 pages (at 25 pages/min), scraped 87567 items (at 627 items/min)
2016-09-05 17:27:27 [scrapy] INFO: Crawled 3455 pages (at 25 pages/min), scraped 88234 items (at 667 items/min)
2016-09-05 17:28:27 [scrapy] INFO: Crawled 3479 pages (at 24 pages/min), scraped 88857 items (at 623 items/min)
2016-09-05 17:29:27 [scrapy] INFO: Crawled 3503 pages (at 24 pages/min), scraped 89477 items (at 620 items/min)
2016-09-05 17:30:27 [scrapy] INFO: Crawled 3529 pages (at 26 pages/min), scraped 90152 items (at 675 items/min)
2016-09-05 17:31:27 [scrapy] INFO: Crawled 3553 pages (at 24 pages/min), scraped 90776 items (at 624 items/min)
2016-09-05 17:32:27 [scrapy] INFO: Crawled 3578 pages (at 25 pages/min), scraped 91424 items (at 648 items/min)
2016-09-05 17:33:27 [scrapy] INFO: Crawled 3602 pages (at 24 pages/min), scraped 92048 items (at 624 items/min)
2016-09-05 17:34:27 [scrapy] INFO: Crawled 3628 pages (at 26 pages/min), scraped 92723 items (at 675 items/min)
2016-09-05 17:35:27 [scrapy] INFO: Crawled 3652 pages (at 24 pages/min), scraped 93346 items (at 623 items/min)
2016-09-05 17:36:27 [scrapy] INFO: Crawled 3675 pages (at 23 pages/min), scraped 93942 items (at 596 items/min)
2016-09-05 17:37:27 [scrapy] INFO: Crawled 3699 pages (at 24 pages/min), scraped 94565 items (at 623 items/min)
2016-09-05 17:38:27 [scrapy] INFO: Crawled 3721 pages (at 22 pages/min), scraped 95137 items (at 572 items/min)
2016-09-05 17:39:27 [scrapy] INFO: Crawled 3745 pages (at 24 pages/min), scraped 95730 items (at 593 items/min)
2016-09-05 17:40:27 [scrapy] INFO: Crawled 3769 pages (at 24 pages/min), scraped 96375 items (at 645 items/min)
2016-09-05 17:41:27 [scrapy] INFO: Crawled 3794 pages (at 25 pages/min), scraped 97024 items (at 649 items/min)
2016-09-05 17:42:27 [scrapy] INFO: Crawled 3818 pages (at 24 pages/min), scraped 97647 items (at 623 items/min)
2016-09-05 17:43:27 [scrapy] INFO: Crawled 3843 pages (at 25 pages/min), scraped 98295 items (at 648 items/min)
2016-09-05 17:44:27 [scrapy] INFO: Crawled 3868 pages (at 25 pages/min), scraped 98943 items (at 648 items/min)
2016-09-05 17:45:27 [scrapy] INFO: Crawled 3894 pages (at 26 pages/min), scraped 99616 items (at 673 items/min)
2016-09-05 17:46:27 [scrapy] INFO: Crawled 3919 pages (at 25 pages/min), scraped 100265 items (at 649 items/min)
2016-09-05 17:47:27 [scrapy] INFO: Crawled 3943 pages (at 24 pages/min), scraped 100889 items (at 624 items/min)
2016-09-05 17:48:27 [scrapy] INFO: Crawled 3967 pages (at 24 pages/min), scraped 101513 items (at 624 items/min)
2016-09-05 17:49:27 [scrapy] INFO: Crawled 3991 pages (at 24 pages/min), scraped 102136 items (at 623 items/min)
2016-09-05 17:50:27 [scrapy] INFO: Crawled 4014 pages (at 23 pages/min), scraped 102733 items (at 597 items/min)
2016-09-05 17:51:27 [scrapy] INFO: Crawled 4038 pages (at 24 pages/min), scraped 103356 items (at 623 items/min)
2016-09-05 17:52:27 [scrapy] INFO: Crawled 4062 pages (at 24 pages/min), scraped 103979 items (at 623 items/min)
2016-09-05 17:53:27 [scrapy] INFO: Crawled 4085 pages (at 23 pages/min), scraped 104576 items (at 597 items/min)
2016-09-05 17:54:27 [scrapy] INFO: Crawled 4109 pages (at 24 pages/min), scraped 105198 items (at 622 items/min)
2016-09-05 17:55:27 [scrapy] INFO: Crawled 4131 pages (at 22 pages/min), scraped 105768 items (at 570 items/min)
2016-09-05 17:56:27 [scrapy] INFO: Crawled 4152 pages (at 21 pages/min), scraped 106312 items (at 544 items/min)
2016-09-05 17:57:27 [scrapy] INFO: Crawled 4175 pages (at 23 pages/min), scraped 106909 items (at 597 items/min)
2016-09-05 17:58:27 [scrapy] INFO: Crawled 4197 pages (at 22 pages/min), scraped 107481 items (at 572 items/min)
2016-09-05 17:59:27 [scrapy] INFO: Crawled 4219 pages (at 22 pages/min), scraped 108053 items (at 572 items/min)
2016-09-05 18:00:27 [scrapy] INFO: Crawled 4242 pages (at 23 pages/min), scraped 108650 items (at 597 items/min)
2016-09-05 18:01:27 [scrapy] INFO: Crawled 4266 pages (at 24 pages/min), scraped 109272 items (at 622 items/min)
2016-09-05 18:02:27 [scrapy] INFO: Crawled 4290 pages (at 24 pages/min), scraped 109894 items (at 622 items/min)
2016-09-05 18:03:27 [scrapy] INFO: Crawled 4314 pages (at 24 pages/min), scraped 110514 items (at 620 items/min)
2016-09-05 18:04:27 [scrapy] INFO: Crawled 4339 pages (at 25 pages/min), scraped 111163 items (at 649 items/min)
2016-09-05 18:05:27 [scrapy] INFO: Crawled 4363 pages (at 24 pages/min), scraped 111785 items (at 622 items/min)
2016-09-05 18:06:27 [scrapy] INFO: Crawled 4388 pages (at 25 pages/min), scraped 112433 items (at 648 items/min)
2016-09-05 18:07:27 [scrapy] INFO: Crawled 4412 pages (at 24 pages/min), scraped 113056 items (at 623 items/min)
2016-09-05 18:08:27 [scrapy] INFO: Crawled 4437 pages (at 25 pages/min), scraped 113704 items (at 648 items/min)
2016-09-05 18:09:27 [scrapy] INFO: Crawled 4463 pages (at 26 pages/min), scraped 114352 items (at 648 items/min)
2016-09-05 18:10:27 [scrapy] INFO: Crawled 4487 pages (at 24 pages/min), scraped 115001 items (at 649 items/min)
2016-09-05 18:11:27 [scrapy] INFO: Crawled 4511 pages (at 24 pages/min), scraped 115623 items (at 622 items/min)
2016-09-05 18:12:27 [scrapy] INFO: Crawled 4537 pages (at 26 pages/min), scraped 116296 items (at 673 items/min)
2016-09-05 18:13:27 [scrapy] INFO: Crawled 4562 pages (at 25 pages/min), scraped 116945 items (at 649 items/min)
2016-09-05 18:14:27 [scrapy] INFO: Crawled 4587 pages (at 25 pages/min), scraped 117594 items (at 649 items/min)
2016-09-05 18:15:27 [scrapy] INFO: Crawled 4612 pages (at 25 pages/min), scraped 118242 items (at 648 items/min)
2016-09-05 18:16:27 [scrapy] INFO: Crawled 4637 pages (at 25 pages/min), scraped 118888 items (at 646 items/min)
2016-09-05 18:17:27 [scrapy] INFO: Crawled 4661 pages (at 24 pages/min), scraped 119484 items (at 596 items/min)
2016-09-05 18:18:27 [scrapy] INFO: Crawled 4686 pages (at 25 pages/min), scraped 120159 items (at 675 items/min)
2016-09-05 18:19:27 [scrapy] INFO: Crawled 4710 pages (at 24 pages/min), scraped 120783 items (at 624 items/min)
2016-09-05 18:20:27 [scrapy] INFO: Crawled 4734 pages (at 24 pages/min), scraped 121405 items (at 622 items/min)
2016-09-05 18:21:27 [scrapy] INFO: Crawled 4758 pages (at 24 pages/min), scraped 122027 items (at 622 items/min)
2016-09-05 18:22:27 [scrapy] INFO: Crawled 4783 pages (at 25 pages/min), scraped 122674 items (at 647 items/min)
2016-09-05 18:23:27 [scrapy] INFO: Crawled 4807 pages (at 24 pages/min), scraped 123296 items (at 622 items/min)
2016-09-05 18:24:27 [scrapy] INFO: Crawled 4833 pages (at 26 pages/min), scraped 123969 items (at 673 items/min)
2016-09-05 18:25:27 [scrapy] INFO: Crawled 4858 pages (at 25 pages/min), scraped 124618 items (at 649 items/min)
2016-09-05 18:26:27 [scrapy] INFO: Crawled 4882 pages (at 24 pages/min), scraped 125216 items (at 598 items/min)
2016-09-05 18:27:27 [scrapy] INFO: Crawled 4902 pages (at 20 pages/min), scraped 125759 items (at 543 items/min)
2016-09-05 18:28:27 [scrapy] INFO: Crawled 4926 pages (at 24 pages/min), scraped 126381 items (at 622 items/min)
2016-09-05 18:29:27 [scrapy] INFO: Crawled 4950 pages (at 24 pages/min), scraped 127002 items (at 621 items/min)
2016-09-05 18:30:27 [scrapy] INFO: Crawled 4976 pages (at 26 pages/min), scraped 127675 items (at 673 items/min)
2016-09-05 18:31:27 [scrapy] INFO: Crawled 5000 pages (at 24 pages/min), scraped 128297 items (at 622 items/min)
2016-09-05 18:32:27 [scrapy] INFO: Crawled 5025 pages (at 25 pages/min), scraped 128944 items (at 647 items/min)
2016-09-05 18:33:27 [scrapy] INFO: Crawled 5049 pages (at 24 pages/min), scraped 129566 items (at 622 items/min)
2016-09-05 18:34:27 [scrapy] INFO: Crawled 5071 pages (at 22 pages/min), scraped 130131 items (at 565 items/min)
2016-09-05 18:35:27 [scrapy] INFO: Crawled 5095 pages (at 24 pages/min), scraped 130753 items (at 622 items/min)
2016-09-05 18:36:27 [scrapy] INFO: Crawled 5120 pages (at 25 pages/min), scraped 131401 items (at 648 items/min)
2016-09-05 18:37:27 [scrapy] INFO: Crawled 5150 pages (at 30 pages/min), scraped 132181 items (at 780 items/min)
2016-09-05 18:38:27 [scrapy] INFO: Crawled 5178 pages (at 28 pages/min), scraped 132906 items (at 725 items/min)
2016-09-05 18:39:27 [scrapy] INFO: Crawled 5202 pages (at 24 pages/min), scraped 133529 items (at 623 items/min)
2016-09-05 18:40:27 [scrapy] INFO: Crawled 5227 pages (at 25 pages/min), scraped 134178 items (at 649 items/min)
2016-09-05 18:41:27 [scrapy] INFO: Crawled 5252 pages (at 25 pages/min), scraped 134825 items (at 647 items/min)
2016-09-05 18:42:27 [scrapy] INFO: Crawled 5277 pages (at 25 pages/min), scraped 135471 items (at 646 items/min)
2016-09-05 18:43:27 [scrapy] INFO: Crawled 5302 pages (at 25 pages/min), scraped 136120 items (at 649 items/min)
2016-09-05 18:44:27 [scrapy] INFO: Crawled 5328 pages (at 26 pages/min), scraped 136794 items (at 674 items/min)
2016-09-05 18:45:27 [scrapy] INFO: Crawled 5353 pages (at 25 pages/min), scraped 137439 items (at 645 items/min)
2016-09-05 18:46:27 [scrapy] INFO: Crawled 5377 pages (at 24 pages/min), scraped 138044 items (at 605 items/min)
2016-09-05 18:47:27 [scrapy] INFO: Crawled 5401 pages (at 24 pages/min), scraped 138682 items (at 638 items/min)
2016-09-05 18:48:27 [scrapy] INFO: Crawled 5426 pages (at 25 pages/min), scraped 139328 items (at 646 items/min)
2016-09-05 18:49:27 [scrapy] INFO: Crawled 5451 pages (at 25 pages/min), scraped 139973 items (at 645 items/min)
2016-09-05 18:50:27 [scrapy] INFO: Crawled 5476 pages (at 25 pages/min), scraped 140620 items (at 647 items/min)
2016-09-05 18:51:27 [scrapy] INFO: Crawled 5502 pages (at 26 pages/min), scraped 141294 items (at 674 items/min)
2016-09-05 18:52:27 [scrapy] INFO: Crawled 5528 pages (at 26 pages/min), scraped 141966 items (at 672 items/min)
2016-09-05 18:53:27 [scrapy] INFO: Crawled 5553 pages (at 25 pages/min), scraped 142613 items (at 647 items/min)
2016-09-05 18:54:27 [scrapy] INFO: Crawled 5577 pages (at 24 pages/min), scraped 143235 items (at 622 items/min)
2016-09-05 18:55:27 [scrapy] INFO: Crawled 5602 pages (at 25 pages/min), scraped 143855 items (at 620 items/min)
2016-09-05 18:56:27 [scrapy] INFO: Crawled 5628 pages (at 26 pages/min), scraped 144552 items (at 697 items/min)
2016-09-05 18:57:28 [scrapy] INFO: Crawled 5653 pages (at 25 pages/min), scraped 145201 items (at 649 items/min)
2016-09-05 18:58:27 [scrapy] INFO: Crawled 5679 pages (at 26 pages/min), scraped 145876 items (at 675 items/min)
2016-09-05 18:59:27 [scrapy] INFO: Crawled 5705 pages (at 26 pages/min), scraped 146549 items (at 673 items/min)
2016-09-05 19:00:27 [scrapy] INFO: Crawled 5729 pages (at 24 pages/min), scraped 147168 items (at 619 items/min)
2016-09-05 19:01:27 [scrapy] INFO: Crawled 5757 pages (at 28 pages/min), scraped 147892 items (at 724 items/min)
2016-09-05 19:02:27 [scrapy] INFO: Crawled 5784 pages (at 27 pages/min), scraped 148558 items (at 666 items/min)
2016-09-05 19:03:27 [scrapy] INFO: Crawled 5820 pages (at 36 pages/min), scraped 148898 items (at 340 items/min)
2016-09-05 19:03:57 [scrapy] INFO: Closing spider (finished)
2016-09-05 19:03:57 [scrapy] INFO: Dumping Scrapy stats:
{'downloader/request_bytes': 2308667,
 'downloader/request_count': 5842,
 'downloader/request_method_count/GET': 5842,
 'downloader/response_bytes': 786299830,
 'downloader/response_count': 5842,
 'downloader/response_status_count/200': 5842,
 'dupefilter/filtered': 5841,
 'finish_reason': 'finished',
 'finish_time': datetime.datetime(2016, 9, 6, 2, 3, 57, 954455),
 'item_scraped_count': 148918,
 'log_count/INFO': 231,
 'request_depth_max': 5841,
 'response_received_count': 5842,
 'scheduler/dequeued': 5842,
 'scheduler/dequeued/memory': 5842,
 'scheduler/enqueued': 5842,
 'scheduler/enqueued/memory': 5842,
 'start_time': datetime.datetime(2016, 9, 5, 22, 19, 27, 458926)}
2016-09-05 19:03:57 [scrapy] INFO: Spider closed (finished)
